<?xml version="1.0" encoding="UTF-8"?>
<!-- Generated by org.testng.reporters.JUnitXMLReporter -->
<testsuite hostname="Toqqer-Srinivask" ignored="0" name="Toq Test" tests="6" failures="0" timestamp="03 Apr 2019 09:49:05 GMT" time="24.238" errors="0">
  <testcase name="LaunchBrowser" time="6.552" classname="onlineSites.Toq_Desktop"/>
  <testcase name="Login" time="2.426" classname="onlineSites.Toq_Desktop"/>
  <testcase name="uploadvid" time="4.284" classname="onlineSites.Toq_Desktop"/>
  <testcase name="JavaRobot" time="3.62" classname="onlineSites.Toq_Desktop"/>
  <testcase name="SelectCategory" time="0.469" classname="onlineSites.Toq_Desktop"/>
  <testcase name="viduploadcheck" time="6.807" classname="onlineSites.Toq_Desktop"/>
</testsuite> <!-- Toq Test -->
